<?xml version="1.0" encoding="UTF-8"?>
<!-- Generated by org.testng.reporters.JUnitReportReporter -->
<testsuite hostname="W1862432" name="tests.ie.BIEnvironmentCheckout" tests="4" failures="0" timestamp="3 Feb 2020 10:15:58 GMT" time="150.400" errors="0">
  <testcase name="logOutFromHIUIHomePage" time="66.077" classname="tests.ie.BIEnvironmentCheckout"/>
  <testcase name="logInToHIUIHomePage" time="15.092" classname="tests.ie.BIEnvironmentCheckout"/>
  <testcase name="openHIUIHomePage" time="2.680" classname="tests.ie.BIEnvironmentCheckout"/>
  <testcase name="clickOnAppsForAnalyticsLibrary" time="66.551" classname="tests.ie.BIEnvironmentCheckout"/>
</testsuite> <!-- tests.ie.BIEnvironmentCheckout -->
